<?xml version="1.0" encoding="UTF-8"?>
<!-- Generated by org.testng.reporters.JUnitXMLReporter -->
<testsuite ignored="0" hostname="MSI" failures="0" tests="2" name="Error Validation OrderTest" time="21.21" errors="0" timestamp="2024-07-19T08:55:43 IST">
  <testcase classname="com.naren.automation.seleniumframeworkdesign.ErrorValidation" name="productErrorValidation" time="13.545"/>
  <testcase classname="com.naren.automation.seleniumframeworkdesign.ErrorValidation" name="submitOrder" time="0.759"/>
</testsuite> <!-- Error Validation OrderTest -->
