<?xml version="1.0" encoding="UTF-8"?>
<!-- Generated by org.testng.reporters.JUnitXMLReporter -->
<testsuite ignored="0" hostname="MSI" failures="0" tests="3" name="Submit OrderTest" time="41.611" errors="0" timestamp="2024-07-19T08:55:22 IST">
  <testcase classname="com.naren.automation.seleniumframeworkdesign.SubmitOrderTest" name="submitOrder" time="14.677"/>
  <testcase classname="com.naren.automation.seleniumframeworkdesign.SubmitOrderTest" name="submitOrder" time="14.878"/>
  <testcase classname="com.naren.automation.seleniumframeworkdesign.SubmitOrderTest" name="OrderHistoryTest" time="0.448"/>
</testsuite> <!-- Submit OrderTest -->
