<?xml version="1.0" encoding="UTF-8"?>
<testsuite xmlns:xsi="http://www.w3.org/2001/XMLSchema-instance" xsi:noNamespaceSchemaLocation="https://maven.apache.org/surefire/maven-surefire-plugin/xsd/surefire-test-report.xsd" version="3.0.2" name="TestSuite" time="64.01" tests="5" errors="0" skipped="0" failures="0">
  <properties>
[...]
</properties>
  <testcase name="submitOrder[{password=Naren@1997, productName=ZARA COAT 3, username=narendarmekala.1997@gmail.com}](1)" classname="com.naren.automation.seleniumframeworkdesign.SubmitOrderTest" time="14.684">
    <system-out><![CDATA[cmong
]]></system-out>
    <system-err><![CDATA[SLF4J: Failed to load class "org.slf4j.impl.StaticLoggerBinder".
SLF4J: Defaulting to no-operation (NOP) logger implementation
SLF4J: See http://www.slf4j.org/codes.html#StaticLoggerBinder for further details.
]]></system-err>
  </testcase>
  <testcase name="submitOrder[{password=Naren@1997, productName=ZARA COAT 3, username=narendarmekala.1997@gmail.com}](2)" classname="com.naren.automation.seleniumframeworkdesign.SubmitOrderTest" time="14.88">
    <system-out><![CDATA[cmong
]]></system-out>
  </testcase>
  <testcase name="OrderHistoryTest" classname="com.naren.automation.seleniumframeworkdesign.SubmitOrderTest" time="0.444">
    <system-out><![CDATA[coming hree
]]></system-out>
  </testcase>
  <testcase name="productErrorValidation" classname="com.naren.automation.seleniumframeworkdesign.ErrorValidation" time="13.545"/>
  <testcase name="submitOrder" classname="com.naren.automation.seleniumframeworkdesign.ErrorValidation" time="0.759"/>
</testsuite>